#
# A fatal error has been detected by the Java Runtime Environment:
#
#  EXCEPTION_ACCESS_VIOLATION (0xc0000005) at pc=0x00007ff85e273bc5, pid=37860, tid=23480
#
# JRE version: Java(TM) SE Runtime Environment 18.9 (11.0.8+10) (build 11.0.8+10-LTS)
# Java VM: Java HotSpot(TM) 64-Bit Server VM 18.9 (11.0.8+10-LTS, mixed mode, tiered, compressed oops, parallel gc, windows-amd64)
# Problematic frame:
# V  [jvm.dll+0x513bc5]
#
# No core dump will be written. Minidumps are not enabled by default on client versions of Windows
#
# If you would like to submit a bug report, please visit:
#   https://bugreport.java.com/bugreport/crash.jsp
#

---------------  S U M M A R Y ------------

Command Line: --add-modules=ALL-SYSTEM --add-opens=java.base/java.util=ALL-UNNAMED --add-opens=java.base/java.lang=ALL-UNNAMED -Declipse.application=org.eclipse.jdt.ls.core.id1 -Dosgi.bundles.defaultStartLevel=4 -Declipse.product=org.eclipse.jdt.ls.core.product -Dfile.encoding=utf8 -DwatchParentProcess=false -XX:+UseParallelGC -XX:GCTimeRatio=4 -XX:AdaptiveSizePolicyWeight=90 -Dsun.zip.disableMemoryMapping=true -Xmx1G -Xms100m -Xverify:none c:\Users\ws941\.vscode\extensions\redhat.java-0.79.2\server\plugins\org.eclipse.equinox.launcher_1.6.100.v20201223-0822.jar -configuration c:\Users\ws941\AppData\Roaming\Code\User\globalStorage\redhat.java\0.79.2\config_win -data c:\Users\ws941\AppData\Roaming\Code\User\workspaceStorage\ba97c0944686bc223735860af5379ebc\redhat.java\jdt_ws

Host: Intel(R) Core(TM) i7-9750H CPU @ 2.60GHz, 12 cores, 15G,  Windows 10 , 64 bit Build 19041 (10.0.19041.1023)
Time: Thu Jul  1 11:34:57 2021 대한민국 표준시 elapsed time: 3327 seconds (0d 0h 55m 27s)

---------------  T H R E A D  ---------------

Current thread (0x000001ca6c903800):  JavaThread "C2 CompilerThread0" daemon [_thread_in_native, id=23480, stack(0x000000c1c8a00000,0x000000c1c8b00000)]


Current CompileTask:
C2:3327114 24681 %s!   4       org.eclipse.debug.core.sourcelookup.containers.ExternalArchiveSourceContainer::searchRoots @ 103 (420 bytes)

Stack: [0x000000c1c8a00000,0x000000c1c8b00000],  sp=0x000000c1c8afb268,  free space=1004k
Native frames: (J=compiled Java code, j=interpreted, Vv=VM code, C=native code)
V  [jvm.dll+0x513bc5]


siginfo: EXCEPTION_ACCESS_VIOLATION (0xc0000005), reading address 0x0000000000000008


Register to memory mapping:

RIP=0x00007ff85e273bc5 jvm.dll
RAX=0x0 is NULL
RBX=0x0000000000000096 is an unknown value
RCX=0x000000c1c8afc340 is pointing into the stack for thread: 0x000001ca6c903800
RDX=0x0000000000000344 is an unknown value
RSP=0x000000c1c8afb268 is pointing into the stack for thread: 0x000001ca6c903800
RBP=0x0 is NULL
RSI=0x000001ca6ebdead0 points into unknown readable memory: 30 f3 55 5e f8 7f 00 00
RDI=0x000001ca00005300 points into unknown readable memory: 90 00 00 00 ca 01 00 00
R8 =0x000000c1c8afc340 is pointing into the stack for thread: 0x000001ca6c903800
R9 =0x000001ca729e43e0 points into unknown readable memory: 00 00 00 00 00 00 00 00
R10=0x0 is NULL
R11=0x0000000000000246 is an unknown value
R12=0x000000c1c8afb350 is pointing into the stack for thread: 0x000001ca6c903800
R13=0x0 is NULL
R14=0x000001ca6b622200 points into unknown readable memory: 05 79 00 08 00 13 00 00
R15=0x000000c1c8afb398 is pointing into the stack for thread: 0x000001ca6c903800


Registers:
RAX=0x0000000000000000, RBX=0x0000000000000096, RCX=0x000000c1c8afc340, RDX=0x0000000000000344
RSP=0x000000c1c8afb268, RBP=0x0000000000000000, RSI=0x000001ca6ebdead0, RDI=0x000001ca00005300
R8 =0x000000c1c8afc340, R9 =0x000001ca729e43e0, R10=0x0000000000000000, R11=0x0000000000000246
R12=0x000000c1c8afb350, R13=0x0000000000000000, R14=0x000001ca6b622200, R15=0x000000c1c8afb398
RIP=0x00007ff85e273bc5, EFLAGS=0x0000000000010246

Top of Stack: (sp=0x000000c1c8afb268)
0x000000c1c8afb268:   00007ff85e28591d 0000000000000096
0x000000c1c8afb278:   000000c1c8afb410 000000c1c8afc340
0x000000c1c8afb288:   000001ca729ea340 000001ca6b6222e8
0x000000c1c8afb298:   0000000000000003 000000c1c8afb398
0x000000c1c8afb2a8:   000000c1c8afb350 000001ca00000090
0x000000c1c8afb2b8:   00007ff85e285801 0000000000000000
0x000000c1c8afb2c8:   000000c1c8afb410 000000c1c8afc340
0x000000c1c8afb2d8:   0000000000000003 000001ca6b622200
0x000000c1c8afb2e8:   00007ff85e588088 000001ca6b628da0
0x000000c1c8afb2f8:   000001ca6b622200 0000000000000077
0x000000c1c8afb308:   00007ff85e283a8c 000000c1c8afc340
0x000000c1c8afb318:   000000c10000047e 000000c1c8afc340
0x000000c1c8afb328:   000001ca6cb83550 000001ca7243b400
0x000000c1c8afb338:   000001ca6f057990 0000000000007ff0
0x000000c1c8afb348:   0000000000008020 00007ff85e5eb460
0x000000c1c8afb358:   000001ca6b628da0 0000000000000002 

Instructions: (pc=0x00007ff85e273bc5)
0x00007ff85e273ba5:   cc cc cc cc cc cc cc cc cc cc cc 8b 52 28 4c 8b
0x00007ff85e273bb5:   c1 48 8b 81 f8 09 00 00 4c 8d 0c d0 48 8b 04 d0
0x00007ff85e273bc5:   48 8b 50 08 48 83 3a 00 75 24 8b 51 28 8b 48 28
0x00007ff85e273bd5:   3b ca 73 0a 49 8b 40 30 48 8b 04 c8 eb 02 33 c0 


Stack slot to memory mapping:
stack at sp + 0 slots: 0x00007ff85e28591d jvm.dll
stack at sp + 1 slots: 0x0000000000000096 is an unknown value
stack at sp + 2 slots: 0x000000c1c8afb410 is pointing into the stack for thread: 0x000001ca6c903800
stack at sp + 3 slots: 0x000000c1c8afc340 is pointing into the stack for thread: 0x000001ca6c903800
stack at sp + 4 slots: 0x000001ca729ea340 points into unknown readable memory: 00 00 00 00 00 00 00 00
stack at sp + 5 slots: 0x000001ca6b6222e8 points into unknown readable memory: 00 38 90 6c ca 01 00 00
stack at sp + 6 slots: 0x0000000000000003 is an unknown value
stack at sp + 7 slots: 0x000000c1c8afb398 is pointing into the stack for thread: 0x000001ca6c903800


---------------  P R O C E S S  ---------------

Threads class SMR info:
_java_thread_list=0x000001ca6f53a790, length=31, elements={
0x000001ca51819000, 0x000001ca6b4f1800, 0x000001ca6b4f3800, 0x000001ca6c8fc800,
0x000001ca6c900000, 0x000001ca6c903800, 0x000001ca6c906800, 0x000001ca6c919800,
0x000001ca6ca7a000, 0x000001ca6cc08800, 0x000001ca6e3ca800, 0x000001ca6de4a800,
0x000001ca6de4b000, 0x000001ca6e28d800, 0x000001ca6f2a5800, 0x000001ca6f80e000,
0x000001ca70ed3000, 0x000001ca6edf0800, 0x000001ca6edf1800, 0x000001ca6edec800,
0x000001ca6edf3000, 0x000001ca6edf2000, 0x000001ca6eded000, 0x000001ca7119b800,
0x000001ca71192800, 0x000001ca7118f000, 0x000001ca7118e800, 0x000001ca71196000,
0x000001ca71194000, 0x000001ca71193800, 0x000001ca71195000
}

Java Threads: ( => current thread )
  0x000001ca51819000 JavaThread "main" [_thread_blocked, id=15728, stack(0x000000c1c8300000,0x000000c1c8400000)]
  0x000001ca6b4f1800 JavaThread "Reference Handler" daemon [_thread_blocked, id=11452, stack(0x000000c1c8600000,0x000000c1c8700000)]
  0x000001ca6b4f3800 JavaThread "Finalizer" daemon [_thread_blocked, id=48856, stack(0x000000c1c8700000,0x000000c1c8800000)]
  0x000001ca6c8fc800 JavaThread "Signal Dispatcher" daemon [_thread_blocked, id=25612, stack(0x000000c1c8800000,0x000000c1c8900000)]
  0x000001ca6c900000 JavaThread "Attach Listener" daemon [_thread_blocked, id=5032, stack(0x000000c1c8900000,0x000000c1c8a00000)]
=>0x000001ca6c903800 JavaThread "C2 CompilerThread0" daemon [_thread_in_native, id=23480, stack(0x000000c1c8a00000,0x000000c1c8b00000)]
  0x000001ca6c906800 JavaThread "C1 CompilerThread0" daemon [_thread_blocked, id=13992, stack(0x000000c1c8b00000,0x000000c1c8c00000)]
  0x000001ca6c919800 JavaThread "Sweeper thread" daemon [_thread_blocked, id=17984, stack(0x000000c1c8c00000,0x000000c1c8d00000)]
  0x000001ca6ca7a000 JavaThread "Common-Cleaner" daemon [_thread_blocked, id=22524, stack(0x000000c1c8d00000,0x000000c1c8e00000)]
  0x000001ca6cc08800 JavaThread "Service Thread" daemon [_thread_blocked, id=41204, stack(0x000000c1c8f00000,0x000000c1c9000000)]
  0x000001ca6e3ca800 JavaThread "Active Thread: Equinox Container: 93286cb3-7fff-42f4-b116-153e212f5fd1" [_thread_blocked, id=6448, stack(0x000000c1c9200000,0x000000c1c9300000)]
  0x000001ca6de4a800 JavaThread "Framework Event Dispatcher: Equinox Container: 93286cb3-7fff-42f4-b116-153e212f5fd1" daemon [_thread_blocked, id=25480, stack(0x000000c1c8e00000,0x000000c1c8f00000)]
  0x000001ca6de4b000 JavaThread "Start Level: Equinox Container: 93286cb3-7fff-42f4-b116-153e212f5fd1" daemon [_thread_blocked, id=4312, stack(0x000000c1c9100000,0x000000c1c9200000)]
  0x000001ca6e28d800 JavaThread "SCR Component Actor" daemon [_thread_blocked, id=34864, stack(0x000000c1c9600000,0x000000c1c9700000)]
  0x000001ca6f2a5800 JavaThread "Bundle File Closer" daemon [_thread_blocked, id=15480, stack(0x000000c1c9900000,0x000000c1c9a00000)]
  0x000001ca6f80e000 JavaThread "Worker-JM" [_thread_blocked, id=39184, stack(0x000000c1c9a00000,0x000000c1c9b00000)]
  0x000001ca70ed3000 JavaThread "Java indexing" daemon [_thread_blocked, id=50820, stack(0x000000c1c9f00000,0x000000c1ca000000)]
  0x000001ca6edf0800 JavaThread "logback configurator timer" daemon [_thread_blocked, id=10512, stack(0x000000c1ca500000,0x000000c1ca600000)]
  0x000001ca6edf1800 JavaThread "pool-2-thread-1" [_thread_in_native, id=8028, stack(0x000000c1ca600000,0x000000c1ca700000)]
  0x000001ca6edec800 JavaThread "Java Debug Server" daemon [_thread_in_native, id=51972, stack(0x000000c1c9700000,0x000000c1c9800000)]
  0x000001ca6edf3000 JavaThread "pool-3-thread-1" [_thread_in_native, id=10524, stack(0x000000c1c9800000,0x000000c1c9900000)]
  0x000001ca6edf2000 JavaThread "RxSchedulerPurge-1" daemon [_thread_blocked, id=39116, stack(0x000000c1ca000000,0x000000c1ca100000)]
  0x000001ca6eded000 JavaThread "RxCachedWorkerPoolEvictor-1" daemon [_thread_blocked, id=26768, stack(0x000000c1ca800000,0x000000c1ca900000)]
  0x000001ca7119b800 JavaThread "ForkJoinPool.commonPool-worker-19" daemon [_thread_blocked, id=38232, stack(0x000000c1cb200000,0x000000c1cb300000)]
  0x000001ca71192800 JavaThread "RxNewThreadScheduler-7" daemon [_thread_blocked, id=23236, stack(0x000000c1c8000000,0x000000c1c8100000)]
  0x000001ca7118f000 JavaThread "Packet Receive Manager" daemon [_thread_in_native, id=16264, stack(0x000000c1c8100000,0x000000c1c8200000)]
  0x000001ca7118e800 JavaThread "Packet Send Manager" daemon [_thread_blocked, id=15712, stack(0x000000c1c9d00000,0x000000c1c9e00000)]
  0x000001ca71196000 JavaThread "Event Hub" daemon [_thread_blocked, id=44860, stack(0x000000c1ca900000,0x000000c1caa00000)]
  0x000001ca71194000 JavaThread "Worker-15" [_thread_blocked, id=37336, stack(0x000000c1c8200000,0x000000c1c8300000)]
  0x000001ca71193800 JavaThread "Worker-16" [_thread_blocked, id=45184, stack(0x000000c1c9e00000,0x000000c1c9f00000)]
  0x000001ca71195000 JavaThread "Worker-17" [_thread_blocked, id=7512, stack(0x000000c1ca700000,0x000000c1ca800000)]

Other Threads:
  0x000001ca6c8a2000 VMThread "VM Thread" [stack: 0x000000c1c8500000,0x000000c1c8600000] [id=49768]
  0x000001ca6cc2d000 WatcherThread [stack: 0x000000c1c9000000,0x000000c1c9100000] [id=42760]
  0x000001ca5182f800 GCTaskThread "ParGC Thread#0" [stack: 0x000000c1c8400000,0x000000c1c8500000] [id=6744]
  0x000001ca6dea5000 GCTaskThread "ParGC Thread#1" [stack: 0x000000c1c9300000,0x000000c1c9400000] [id=52472]
  0x000001ca6dea6000 GCTaskThread "ParGC Thread#2" [stack: 0x000000c1c9400000,0x000000c1c9500000] [id=5864]
  0x000001ca6e207800 GCTaskThread "ParGC Thread#3" [stack: 0x000000c1c9500000,0x000000c1c9600000] [id=24392]
  0x000001ca6f4b8000 GCTaskThread "ParGC Thread#4" [stack: 0x000000c1c9b00000,0x000000c1c9c00000] [id=41888]
  0x000001ca6f4b9000 GCTaskThread "ParGC Thread#5" [stack: 0x000000c1c9c00000,0x000000c1c9d00000] [id=50916]
  0x000001ca70e6b800 GCTaskThread "ParGC Thread#6" [stack: 0x000000c1ca100000,0x000000c1ca200000] [id=39092]
  0x000001ca7073b000 GCTaskThread "ParGC Thread#7" [stack: 0x000000c1ca200000,0x000000c1ca300000] [id=34976]
  0x000001ca6ef9b000 GCTaskThread "ParGC Thread#8" [stack: 0x000000c1ca300000,0x000000c1ca400000] [id=50460]
  0x000001ca6f5d7000 GCTaskThread "ParGC Thread#9" [stack: 0x000000c1ca400000,0x000000c1ca500000] [id=34324]

Threads with active compile tasks:
C2 CompilerThread03327155 24681 %s!   4       org.eclipse.debug.core.sourcelookup.containers.ExternalArchiveSourceContainer::searchRoots @ 103 (420 bytes)

VM state:not at safepoint (normal execution)

VM Mutex/Monitor currently owned by a thread: None

Heap address: 0x00000000c0000000, size: 1024 MB, Compressed Oops mode: 32-bit
Narrow klass base: 0x0000000000000000, Narrow klass shift: 3
Compressed class space size: 1073741824 Address: 0x0000000100000000

Heap:
 PSYoungGen      total 6144K, used 3338K [0x00000000eab00000, 0x00000000eb500000, 0x0000000100000000)
  eden space 5120K, 46% used [0x00000000eab00000,0x00000000ead528f0,0x00000000eb000000)
  from space 1024K, 93% used [0x00000000eb380000,0x00000000eb470010,0x00000000eb480000)
  to   space 512K, 0% used [0x00000000eb480000,0x00000000eb480000,0x00000000eb500000)
 ParOldGen       total 273920K, used 246109K [0x00000000c0000000, 0x00000000d0b80000, 0x00000000eab00000)
  object space 273920K, 89% used [0x00000000c0000000,0x00000000cf057780,0x00000000d0b80000)
 Metaspace       used 89679K, capacity 93694K, committed 94100K, reserved 1134592K
  class space    used 8419K, capacity 9882K, committed 9984K, reserved 1048576K

Card table byte_map: [0x000001ca511e0000,0x000001ca513f0000] _byte_map_base: 0x000001ca50be0000

Marking Bits: (ParMarkBitMap*) 0x00007ff85e78e2a0
 Begin Bits: [0x000001ca68c30000, 0x000001ca69c30000)
 End Bits:   [0x000001ca69c30000, 0x000001ca6ac30000)

Polling page: 0x000001ca4f7b0000

Metaspace:

Usage:
  Non-class:     81.85 MB capacity,    79.36 MB ( 97%) used,     2.29 MB (  3%) free+waste,   202.94 KB ( <1%) overhead. 
      Class:      9.65 MB capacity,     8.22 MB ( 85%) used,     1.35 MB ( 14%) free+waste,    85.63 KB ( <1%) overhead. 
       Both:     91.50 MB capacity,    87.58 MB ( 96%) used,     3.64 MB (  4%) free+waste,   288.56 KB ( <1%) overhead. 

Virtual space:
  Non-class space:       84.00 MB reserved,      82.14 MB ( 98%) committed 
      Class space:        1.00 GB reserved,       9.75 MB ( <1%) committed 
             Both:        1.08 GB reserved,      91.89 MB (  8%) committed 

Chunk freelists:
   Non-Class:  22.00 KB
       Class:  12.75 KB
        Both:  34.75 KB

CodeHeap 'non-profiled nmethods': size=120000Kb used=17046Kb max_used=18716Kb free=102953Kb
 bounds [0x000001ca61700000, 0x000001ca62970000, 0x000001ca68c30000]
CodeHeap 'profiled nmethods': size=120000Kb used=38663Kb max_used=38663Kb free=81337Kb
 bounds [0x000001ca5a1d0000, 0x000001ca5c7f0000, 0x000001ca61700000]
CodeHeap 'non-nmethods': size=5760Kb used=1350Kb max_used=1482Kb free=4409Kb
 bounds [0x000001ca59c30000, 0x000001ca59ea0000, 0x000001ca5a1d0000]
 total_blobs=17470 nmethods=16697 adapters=680
 compilation: enabled
              stopped_count=0, restarted_count=0
 full_count=0

Compilation events (10 events):
Event: 3319.593 Thread 0x000001ca6c906800 nmethod 24676 0x000001ca5c7e0a10 code [0x000001ca5c7e0be0, 0x000001ca5c7e0fa0]
Event: 3319.600 Thread 0x000001ca6c903800 24677       4       org.eclipse.jdt.internal.core.JavaModelManager$VariablesAndContainersSaveHelper::saveAccessRules (40 bytes)
Event: 3319.602 Thread 0x000001ca6c903800 nmethod 24677 0x000001ca61fbe310 code [0x000001ca61fbe4c0, 0x000001ca61fbe688]
Event: 3319.607 Thread 0x000001ca6c906800 24678  s    3       org.eclipse.core.internal.resources.SaveManager$MasterTable::put (116 bytes)
Event: 3319.608 Thread 0x000001ca6c906800 nmethod 24678 0x000001ca5c7e1110 code [0x000001ca5c7e14e0, 0x000001ca5c7e2fa0]
Event: 3327.065 Thread 0x000001ca6c903800 24679       4       org.eclipse.jdi.internal.ValueCache::cleanup (53 bytes)
Event: 3327.067 Thread 0x000001ca6c903800 nmethod 24679 0x000001ca61fcd810 code [0x000001ca61fcd9c0, 0x000001ca61fcdde8]
Event: 3327.081 Thread 0x000001ca6c903800 24680       4       org.eclipse.jdi.internal.jdwp.JdwpMethodID::getSize (8 bytes)
Event: 3327.081 Thread 0x000001ca6c903800 nmethod 24680 0x000001ca61f66510 code [0x000001ca61f666a0, 0x000001ca61f66718]
Event: 3327.089 Thread 0x000001ca6c903800 24681 %s!   4       org.eclipse.debug.core.sourcelookup.containers.ExternalArchiveSourceContainer::searchRoots @ 103 (420 bytes)

GC Heap History (10 events):
Event: 2981.274 GC heap before
{Heap before GC invocations=6081 (full 58):
 PSYoungGen      total 5632K, used 5372K [0x00000000eab00000, 0x00000000eb580000, 0x0000000100000000)
  eden space 5120K, 99% used [0x00000000eab00000,0x00000000eafff198,0x00000000eb000000)
  from space 512K, 50% used [0x00000000eb480000,0x00000000eb4c0000,0x00000000eb500000)
  to   space 512K, 0% used [0x00000000eb500000,0x00000000eb500000,0x00000000eb580000)
 ParOldGen       total 273920K, used 244193K [0x00000000c0000000, 0x00000000d0b80000, 0x00000000eab00000)
  object space 273920K, 89% used [0x00000000c0000000,0x00000000cee78590,0x00000000d0b80000)
 Metaspace       used 89595K, capacity 93691K, committed 94100K, reserved 1134592K
  class space    used 8419K, capacity 9882K, committed 9984K, reserved 1048576K
}
Event: 2981.276 GC heap after
{Heap after GC invocations=6081 (full 58):
 PSYoungGen      total 5632K, used 320K [0x00000000eab00000, 0x00000000eb580000, 0x0000000100000000)
  eden space 5120K, 0% used [0x00000000eab00000,0x00000000eab00000,0x00000000eb000000)
  from space 512K, 62% used [0x00000000eb500000,0x00000000eb550000,0x00000000eb580000)
  to   space 512K, 0% used [0x00000000eb480000,0x00000000eb480000,0x00000000eb500000)
 ParOldGen       total 273920K, used 244193K [0x00000000c0000000, 0x00000000d0b80000, 0x00000000eab00000)
  object space 273920K, 89% used [0x00000000c0000000,0x00000000cee78590,0x00000000d0b80000)
 Metaspace       used 89595K, capacity 93691K, committed 94100K, reserved 1134592K
  class space    used 8419K, capacity 9882K, committed 9984K, reserved 1048576K
}
Event: 3112.508 GC heap before
{Heap before GC invocations=6082 (full 58):
 PSYoungGen      total 5632K, used 5432K [0x00000000eab00000, 0x00000000eb580000, 0x0000000100000000)
  eden space 5120K, 99% used [0x00000000eab00000,0x00000000eaffe230,0x00000000eb000000)
  from space 512K, 62% used [0x00000000eb500000,0x00000000eb550000,0x00000000eb580000)
  to   space 512K, 0% used [0x00000000eb480000,0x00000000eb480000,0x00000000eb500000)
 ParOldGen       total 273920K, used 244193K [0x00000000c0000000, 0x00000000d0b80000, 0x00000000eab00000)
  object space 273920K, 89% used [0x00000000c0000000,0x00000000cee78590,0x00000000d0b80000)
 Metaspace       used 89628K, capacity 93691K, committed 94100K, reserved 1134592K
  class space    used 8419K, capacity 9882K, committed 9984K, reserved 1048576K
}
Event: 3112.510 GC heap after
{Heap after GC invocations=6082 (full 58):
 PSYoungGen      total 5632K, used 480K [0x00000000eab00000, 0x00000000eb580000, 0x0000000100000000)
  eden space 5120K, 0% used [0x00000000eab00000,0x00000000eab00000,0x00000000eb000000)
  from space 512K, 93% used [0x00000000eb480000,0x00000000eb4f8010,0x00000000eb500000)
  to   space 512K, 0% used [0x00000000eb500000,0x00000000eb500000,0x00000000eb580000)
 ParOldGen       total 273920K, used 244193K [0x00000000c0000000, 0x00000000d0b80000, 0x00000000eab00000)
  object space 273920K, 89% used [0x00000000c0000000,0x00000000cee78590,0x00000000d0b80000)
 Metaspace       used 89628K, capacity 93691K, committed 94100K, reserved 1134592K
  class space    used 8419K, capacity 9882K, committed 9984K, reserved 1048576K
}
Event: 3194.342 GC heap before
{Heap before GC invocations=6083 (full 58):
 PSYoungGen      total 5632K, used 5600K [0x00000000eab00000, 0x00000000eb580000, 0x0000000100000000)
  eden space 5120K, 100% used [0x00000000eab00000,0x00000000eb000000,0x00000000eb000000)
  from space 512K, 93% used [0x00000000eb480000,0x00000000eb4f8010,0x00000000eb500000)
  to   space 512K, 0% used [0x00000000eb500000,0x00000000eb500000,0x00000000eb580000)
 ParOldGen       total 273920K, used 244193K [0x00000000c0000000, 0x00000000d0b80000, 0x00000000eab00000)
  object space 273920K, 89% used [0x00000000c0000000,0x00000000cee78590,0x00000000d0b80000)
 Metaspace       used 89660K, capacity 93691K, committed 94100K, reserved 1134592K
  class space    used 8419K, capacity 9882K, committed 9984K, reserved 1048576K
}
Event: 3194.343 GC heap after
{Heap after GC invocations=6083 (full 58):
 PSYoungGen      total 5632K, used 512K [0x00000000eab00000, 0x00000000eb580000, 0x0000000100000000)
  eden space 5120K, 0% used [0x00000000eab00000,0x00000000eab00000,0x00000000eb000000)
  from space 512K, 100% used [0x00000000eb500000,0x00000000eb580000,0x00000000eb580000)
  to   space 1024K, 0% used [0x00000000eb380000,0x00000000eb380000,0x00000000eb480000)
 ParOldGen       total 273920K, used 244193K [0x00000000c0000000, 0x00000000d0b80000, 0x00000000eab00000)
  object space 273920K, 89% used [0x00000000c0000000,0x00000000cee78590,0x00000000d0b80000)
 Metaspace       used 89660K, capacity 93691K, committed 94100K, reserved 1134592K
  class space    used 8419K, capacity 9882K, committed 9984K, reserved 1048576K
}
Event: 3327.088 GC heap before
{Heap before GC invocations=6084 (full 58):
 PSYoungGen      total 5632K, used 5632K [0x00000000eab00000, 0x00000000eb580000, 0x0000000100000000)
  eden space 5120K, 100% used [0x00000000eab00000,0x00000000eb000000,0x00000000eb000000)
  from space 512K, 100% used [0x00000000eb500000,0x00000000eb580000,0x00000000eb580000)
  to   space 1024K, 0% used [0x00000000eb380000,0x00000000eb380000,0x00000000eb480000)
 ParOldGen       total 273920K, used 244193K [0x00000000c0000000, 0x00000000d0b80000, 0x00000000eab00000)
  object space 273920K, 89% used [0x00000000c0000000,0x00000000cee78590,0x00000000d0b80000)
 Metaspace       used 89676K, capacity 93694K, committed 94100K, reserved 1134592K
  class space    used 8419K, capacity 9882K, committed 9984K, reserved 1048576K
}
Event: 3327.089 GC heap after
{Heap after GC invocations=6084 (full 58):
 PSYoungGen      total 6144K, used 832K [0x00000000eab00000, 0x00000000eb580000, 0x0000000100000000)
  eden space 5120K, 0% used [0x00000000eab00000,0x00000000eab00000,0x00000000eb000000)
  from space 1024K, 81% used [0x00000000eb380000,0x00000000eb450020,0x00000000eb480000)
  to   space 1024K, 0% used [0x00000000eb480000,0x00000000eb480000,0x00000000eb580000)
 ParOldGen       total 273920K, used 244201K [0x00000000c0000000, 0x00000000d0b80000, 0x00000000eab00000)
  object space 273920K, 89% used [0x00000000c0000000,0x00000000cee7a590,0x00000000d0b80000)
 Metaspace       used 89676K, capacity 93694K, committed 94100K, reserved 1134592K
  class space    used 8419K, capacity 9882K, committed 9984K, reserved 1048576K
}
Event: 3327.099 GC heap before
{Heap before GC invocations=6085 (full 58):
 PSYoungGen      total 6144K, used 5893K [0x00000000eab00000, 0x00000000eb580000, 0x0000000100000000)
  eden space 5120K, 98% used [0x00000000eab00000,0x00000000eaff1530,0x00000000eb000000)
  from space 1024K, 81% used [0x00000000eb380000,0x00000000eb450020,0x00000000eb480000)
  to   space 1024K, 0% used [0x00000000eb480000,0x00000000eb480000,0x00000000eb580000)
 ParOldGen       total 273920K, used 244201K [0x00000000c0000000, 0x00000000d0b80000, 0x00000000eab00000)
  object space 273920K, 89% used [0x00000000c0000000,0x00000000cee7a590,0x00000000d0b80000)
 Metaspace       used 89676K, capacity 93694K, committed 94100K, reserved 1134592K
  class space    used 8419K, capacity 9882K, committed 9984K, reserved 1048576K
}
Event: 3327.101 GC heap after
{Heap after GC invocations=6085 (full 58):
 PSYoungGen      total 6144K, used 896K [0x00000000eab00000, 0x00000000eb580000, 0x0000000100000000)
  eden space 5120K, 0% used [0x00000000eab00000,0x00000000eab00000,0x00000000eb000000)
  from space 1024K, 87% used [0x00000000eb480000,0x00000000eb560020,0x00000000eb580000)
  to   space 1024K, 0% used [0x00000000eb380000,0x00000000eb380000,0x00000000eb480000)
 ParOldGen       total 273920K, used 246061K [0x00000000c0000000, 0x00000000d0b80000, 0x00000000eab00000)
  object space 273920K, 89% used [0x00000000c0000000,0x00000000cf04b780,0x00000000d0b80000)
 Metaspace       used 89676K, capacity 93694K, committed 94100K, reserved 1134592K
  class space    used 8419K, capacity 9882K, committed 9984K, reserved 1048576K
}

Deoptimization events (10 events):
Event: 1747.271 Thread 0x000001ca71197800 Uncommon trap: reason=unstable_if action=reinterpret pc=0x000001ca62067660 method=org.eclipse.jdt.internal.compiler.parser.Scanner$Goal.hasBeenReached(II)Z @ 78 c2
Event: 1747.271 Thread 0x000001ca71197800 Uncommon trap: reason=unstable_if action=reinterpret pc=0x000001ca61b57e0c method=org.eclipse.jdt.internal.compiler.parser.Scanner.disambiguatedToken(I)I @ 134 c2
Event: 1747.272 Thread 0x000001ca71197800 Uncommon trap: reason=unstable_if action=reinterpret pc=0x000001ca6262a8a0 method=org.eclipse.jdt.internal.compiler.parser.Scanner$Goal.hasBeenReached(II)Z @ 78 c2
Event: 1747.273 Thread 0x000001ca71197800 Uncommon trap: reason=unstable_if action=reinterpret pc=0x000001ca622d2da0 method=org.eclipse.jdt.internal.core.NameLookup.<init>(Lorg/eclipse/jdt/internal/core/JavaProject;[Lorg/eclipse/jdt/core/IPackageFragmentRoot;Lorg/eclipse/jdt/internal/core/util/Ha
Event: 1747.446 Thread 0x000001ca71197800 Uncommon trap: reason=unstable_if action=reinterpret pc=0x000001ca61e69c24 method=org.eclipse.jdt.ls.core.internal.corext.refactoring.code.flow.FlowInfo.mergeSets(Ljava/util/Set;Ljava/util/Set;)Ljava/util/Set; @ 1 c2
Event: 1747.447 Thread 0x000001ca71197800 Uncommon trap: reason=unstable_if action=reinterpret pc=0x000001ca61fbb0d8 method=org.eclipse.jdt.ls.core.internal.corext.refactoring.code.flow.FlowInfo.mergeSets(Ljava/util/Set;Ljava/util/Set;)Ljava/util/Set; @ 1 c2
Event: 2525.082 Thread 0x000001ca71198000 Uncommon trap: reason=class_check action=maybe_recompile pc=0x000001ca619e5ae8 method=java.util.Collections$SetFromMap.remove(Ljava/lang/Object;)Z @ 5 c2
Event: 2533.371 Thread 0x000001ca71192800 Uncommon trap: reason=speculate_class_check action=maybe_recompile pc=0x000001ca61ed3b24 method=sun.security.provider.DigestBase.implCompressMultiBlock([BII)I @ 11 c2
Event: 2533.658 Thread 0x000001ca6ca7a000 Uncommon trap: reason=class_check action=maybe_recompile pc=0x000001ca619dbc28 method=jdk.internal.ref.PhantomCleanable.clean()V @ 12 c2
Event: 2533.719 Thread 0x000001ca71192800 Uncommon trap: reason=class_check action=maybe_recompile pc=0x000001ca62735384 method=org.eclipse.jdt.core.dom.DefaultASTVisitor.visit(Lorg/eclipse/jdt/core/dom/Assignment;)Z @ 2 c2

Classes redefined (0 events):
No events

Internal exceptions (10 events):
Event: 3207.116 Thread 0x000001ca71194000 Implicit null exception at 0x000001ca5c44967f to 0x000001ca5c44e912
Event: 3207.116 Thread 0x000001ca71194000 Exception <a 'java/lang/NullPointerException'{0x00000000eac70978}> (0x00000000eac70978) thrown at [./open/src/hotspot/share/runtime/sharedRuntime.cpp, line 584]
Event: 3207.116 Thread 0x000001ca71194000 Implicit null exception at 0x000001ca5c44967f to 0x000001ca5c44e912
Event: 3207.116 Thread 0x000001ca71194000 Exception <a 'java/lang/NullPointerException'{0x00000000eac71038}> (0x00000000eac71038) thrown at [./open/src/hotspot/share/runtime/sharedRuntime.cpp, line 584]
Event: 3207.116 Thread 0x000001ca71194000 Implicit null exception at 0x000001ca5c44967f to 0x000001ca5c44e912
Event: 3207.116 Thread 0x000001ca71194000 Exception <a 'java/lang/NullPointerException'{0x00000000eac71318}> (0x00000000eac71318) thrown at [./open/src/hotspot/share/runtime/sharedRuntime.cpp, line 584]
Event: 3207.116 Thread 0x000001ca71194000 Implicit null exception at 0x000001ca5c44967f to 0x000001ca5c44e912
Event: 3207.116 Thread 0x000001ca71194000 Exception <a 'java/lang/NullPointerException'{0x00000000eac715f8}> (0x00000000eac715f8) thrown at [./open/src/hotspot/share/runtime/sharedRuntime.cpp, line 584]
Event: 3327.091 Thread 0x000001ca71192800 Exception <a 'sun/nio/fs/WindowsException'{0x00000000eabd35a0}> (0x00000000eabd35a0) thrown at [./open/src/hotspot/share/prims/jni.cpp, line 611]
Event: 3327.092 Thread 0x000001ca71192800 Exception <a 'sun/nio/fs/WindowsException'{0x00000000eabd69e8}> (0x00000000eabd69e8) thrown at [./open/src/hotspot/share/prims/jni.cpp, line 611]

Events (10 events):
Event: 3327.079 Executing VM operation: RevokeBias
Event: 3327.079 Executing VM operation: RevokeBias done
Event: 3327.079 Executing VM operation: RevokeBias
Event: 3327.079 Executing VM operation: RevokeBias done
Event: 3327.087 Executing VM operation: RevokeBias
Event: 3327.087 Executing VM operation: RevokeBias done
Event: 3327.088 Executing VM operation: ParallelGCFailedAllocation
Event: 3327.089 Executing VM operation: ParallelGCFailedAllocation done
Event: 3327.099 Executing VM operation: ParallelGCFailedAllocation
Event: 3327.101 Executing VM operation: ParallelGCFailedAllocation done


Dynamic libraries:
0x00007ff6ea200000 - 0x00007ff6ea20f000 	C:\Program Files\Java\jdk-11.0.8\bin\java.exe
0x00007ff8cc410000 - 0x00007ff8cc605000 	C:\WINDOWS\SYSTEM32\ntdll.dll
0x00007ff8cb780000 - 0x00007ff8cb83d000 	C:\WINDOWS\System32\KERNEL32.DLL
0x00007ff8c9cf0000 - 0x00007ff8c9fb8000 	C:\WINDOWS\System32\KERNELBASE.dll
0x00007ff8c9bf0000 - 0x00007ff8c9cf0000 	C:\WINDOWS\System32\ucrtbase.dll
0x00007ff8b8ca0000 - 0x00007ff8b8cb8000 	C:\Program Files\Java\jdk-11.0.8\bin\jli.dll
0x00007ff8b8160000 - 0x00007ff8b8175000 	C:\Program Files\Java\jdk-11.0.8\bin\VCRUNTIME140.dll
0x00007ff8cc290000 - 0x00007ff8cc33c000 	C:\WINDOWS\System32\ADVAPI32.dll
0x00007ff8ca860000 - 0x00007ff8ca8fe000 	C:\WINDOWS\System32\msvcrt.dll
0x00007ff8cc190000 - 0x00007ff8cc22b000 	C:\WINDOWS\System32\sechost.dll
0x00007ff8cb150000 - 0x00007ff8cb27b000 	C:\WINDOWS\System32\RPCRT4.dll
0x00007ff8ca960000 - 0x00007ff8cab00000 	C:\WINDOWS\System32\USER32.dll
0x00007ff8ca2b0000 - 0x00007ff8ca2d2000 	C:\WINDOWS\System32\win32u.dll
0x00007ff8b5ec0000 - 0x00007ff8b615a000 	C:\WINDOWS\WinSxS\amd64_microsoft.windows.common-controls_6595b64144ccf1df_6.0.19041.1052_none_60b8f8fd71f5e8cb\COMCTL32.dll
0x00007ff8cb120000 - 0x00007ff8cb14a000 	C:\WINDOWS\System32\GDI32.dll
0x00007ff8ca370000 - 0x00007ff8ca47b000 	C:\WINDOWS\System32\gdi32full.dll
0x00007ff8c9b50000 - 0x00007ff8c9bed000 	C:\WINDOWS\System32\msvcp_win.dll
0x00007ff8c28b0000 - 0x00007ff8c28ba000 	C:\WINDOWS\SYSTEM32\VERSION.dll
0x00007ff8cb580000 - 0x00007ff8cb5b0000 	C:\WINDOWS\System32\IMM32.DLL
0x00007ff8895d0000 - 0x00007ff88966b000 	C:\Program Files\Java\jdk-11.0.8\bin\msvcp140.dll
0x00007ff85dd60000 - 0x00007ff85e846000 	C:\Program Files\Java\jdk-11.0.8\bin\server\jvm.dll
0x00007ff8cb840000 - 0x00007ff8cb848000 	C:\WINDOWS\System32\PSAPI.DLL
0x00007ff8b6ad0000 - 0x00007ff8b6af7000 	C:\WINDOWS\SYSTEM32\WINMM.dll
0x00007ff8c24f0000 - 0x00007ff8c24f9000 	C:\WINDOWS\SYSTEM32\WSOCK32.dll
0x00007ff8cb850000 - 0x00007ff8cb8bb000 	C:\WINDOWS\System32\WS2_32.dll
0x00007ff8c8400000 - 0x00007ff8c8412000 	C:\WINDOWS\SYSTEM32\kernel.appcore.dll
0x00007ff8c3d40000 - 0x00007ff8c3d50000 	C:\Program Files\Java\jdk-11.0.8\bin\verify.dll
0x00007ff8c7fd0000 - 0x00007ff8c81b4000 	C:\WINDOWS\SYSTEM32\DBGHELP.DLL
0x00007ff8aa540000 - 0x00007ff8aa56c000 	C:\WINDOWS\SYSTEM32\dbgcore.DLL
0x00007ff8ca0c0000 - 0x00007ff8ca143000 	C:\WINDOWS\System32\bcryptPrimitives.dll
0x00007ff8b3960000 - 0x00007ff8b3988000 	C:\Program Files\Java\jdk-11.0.8\bin\java.dll
0x00007ff8c38c0000 - 0x00007ff8c38ca000 	C:\Program Files\Java\jdk-11.0.8\bin\jimage.dll
0x00007ff8b5640000 - 0x00007ff8b5656000 	C:\Program Files\Java\jdk-11.0.8\bin\zip.dll
0x00007ff8cb8c0000 - 0x00007ff8cbfff000 	C:\WINDOWS\System32\SHELL32.dll
0x00007ff8c7780000 - 0x00007ff8c7f10000 	C:\WINDOWS\SYSTEM32\windows.storage.dll
0x00007ff8ca500000 - 0x00007ff8ca855000 	C:\WINDOWS\System32\combase.dll
0x00007ff8c95c0000 - 0x00007ff8c95ec000 	C:\WINDOWS\SYSTEM32\Wldp.dll
0x00007ff8cb050000 - 0x00007ff8cb0fe000 	C:\WINDOWS\System32\SHCORE.dll
0x00007ff8cb2a0000 - 0x00007ff8cb2f5000 	C:\WINDOWS\System32\shlwapi.dll
0x00007ff8c9a90000 - 0x00007ff8c9aaf000 	C:\WINDOWS\SYSTEM32\profapi.dll
0x00007ff8b3a50000 - 0x00007ff8b3a69000 	C:\Program Files\Java\jdk-11.0.8\bin\net.dll
0x00007ff8c1a40000 - 0x00007ff8c1b4b000 	C:\WINDOWS\SYSTEM32\WINHTTP.dll
0x00007ff8c9330000 - 0x00007ff8c939a000 	C:\WINDOWS\system32\mswsock.dll
0x00007ff8b2a10000 - 0x00007ff8b2a22000 	C:\Program Files\Java\jdk-11.0.8\bin\nio.dll
0x00007ff8c9500000 - 0x00007ff8c9518000 	C:\WINDOWS\SYSTEM32\CRYPTSP.dll
0x00007ff8c8c60000 - 0x00007ff8c8c94000 	C:\WINDOWS\system32\rsaenh.dll
0x00007ff8ca340000 - 0x00007ff8ca367000 	C:\WINDOWS\System32\bcrypt.dll
0x00007ff8c9a10000 - 0x00007ff8c9a3e000 	C:\WINDOWS\SYSTEM32\USERENV.dll
0x00007ff8c9520000 - 0x00007ff8c952c000 	C:\WINDOWS\SYSTEM32\CRYPTBASE.dll
0x00007ff8c8fd0000 - 0x00007ff8c900b000 	C:\WINDOWS\SYSTEM32\IPHLPAPI.DLL
0x00007ff8cb280000 - 0x00007ff8cb288000 	C:\WINDOWS\System32\NSI.dll
0x00007ff8c09c0000 - 0x00007ff8c09d7000 	C:\WINDOWS\SYSTEM32\dhcpcsvc6.DLL
0x00007ff8c0d10000 - 0x00007ff8c0d2d000 	C:\WINDOWS\SYSTEM32\dhcpcsvc.DLL
0x00007ff8c9020000 - 0x00007ff8c90ec000 	C:\WINDOWS\SYSTEM32\DNSAPI.dll
0x00007ff8b2840000 - 0x00007ff8b2869000 	C:\Users\ws941\AppData\Roaming\Code\User\globalStorage\redhat.java\0.79.2\config_win\org.eclipse.equinox.launcher\org.eclipse.equinox.launcher.win32.win32.x86_64_1.2.200.v20210406-1409\eclipse_11401.dll
0x00007ff8af500000 - 0x00007ff8af511000 	C:\Users\ws941\AppData\Roaming\Code\User\globalStorage\redhat.java\0.79.2\config_win\org.eclipse.osgi\23\0\.cp\jWinHttp-1.0.0.dll
0x00007ff8cc060000 - 0x00007ff8cc18a000 	C:\WINDOWS\System32\ole32.dll
0x00007ff8c2350000 - 0x00007ff8c235d000 	C:\Program Files\Java\jdk-11.0.8\bin\sunmscapi.dll
0x00007ff8ca150000 - 0x00007ff8ca2af000 	C:\WINDOWS\System32\CRYPT32.dll
0x00007ff8c9630000 - 0x00007ff8c9657000 	C:\WINDOWS\SYSTEM32\ncrypt.dll
0x00007ff8c95f0000 - 0x00007ff8c962b000 	C:\WINDOWS\SYSTEM32\NTASN1.dll
0x00007ff8aeec0000 - 0x00007ff8aeee5000 	C:\Program Files\Java\jdk-11.0.8\bin\sunec.dll
0x00007ff8b9b90000 - 0x00007ff8b9b9a000 	C:\Windows\System32\rasadhlp.dll
0x00007ff8b76a0000 - 0x00007ff8b771f000 	C:\WINDOWS\System32\fwpuclnt.dll

dbghelp: loaded successfully - version: 4.0.5 - missing functions: none
symbol engine: initialized successfully - sym options: 0x614 - pdb path: .;C:\Program Files\Java\jdk-11.0.8\bin;C:\WINDOWS\SYSTEM32;C:\WINDOWS\WinSxS\amd64_microsoft.windows.common-controls_6595b64144ccf1df_6.0.19041.1052_none_60b8f8fd71f5e8cb;C:\Program Files\Java\jdk-11.0.8\bin\server;C:\Users\ws941\AppData\Roaming\Code\User\globalStorage\redhat.java\0.79.2\config_win\org.eclipse.equinox.launcher\org.eclipse.equinox.launcher.win32.win32.x86_64_1.2.200.v20210406-1409;C:\Users\ws941\AppData\Roaming\Code\User\globalStorage\redhat.java\0.79.2\config_win\org.eclipse.osgi\23\0\.cp

VM Arguments:
jvm_args: --add-modules=ALL-SYSTEM --add-opens=java.base/java.util=ALL-UNNAMED --add-opens=java.base/java.lang=ALL-UNNAMED -Declipse.application=org.eclipse.jdt.ls.core.id1 -Dosgi.bundles.defaultStartLevel=4 -Declipse.product=org.eclipse.jdt.ls.core.product -Dfile.encoding=utf8 -DwatchParentProcess=false -XX:+UseParallelGC -XX:GCTimeRatio=4 -XX:AdaptiveSizePolicyWeight=90 -Dsun.zip.disableMemoryMapping=true -Xmx1G -Xms100m -Xverify:none 
java_command: c:\Users\ws941\.vscode\extensions\redhat.java-0.79.2\server\plugins\org.eclipse.equinox.launcher_1.6.100.v20201223-0822.jar -configuration c:\Users\ws941\AppData\Roaming\Code\User\globalStorage\redhat.java\0.79.2\config_win -data c:\Users\ws941\AppData\Roaming\Code\User\workspaceStorage\ba97c0944686bc223735860af5379ebc\redhat.java\jdt_ws
java_class_path (initial): c:\Users\ws941\.vscode\extensions\redhat.java-0.79.2\server\plugins\org.eclipse.equinox.launcher_1.6.100.v20201223-0822.jar
Launcher Type: SUN_STANDARD

[Global flags]
    uintx AdaptiveSizePolicyWeight                 = 90                                        {product} {command line}
     bool BytecodeVerificationLocal                = false                                     {product} {command line}
     bool BytecodeVerificationRemote               = false                                     {product} {command line}
     intx CICompilerCount                          = 4                                         {product} {ergonomic}
    uintx GCTimeRatio                              = 4                                         {product} {command line}
   size_t InitialHeapSize                          = 104857600                                 {product} {command line}
   size_t MaxHeapSize                              = 1073741824                                {product} {command line}
   size_t MaxNewSize                               = 357564416                                 {product} {ergonomic}
   size_t MinHeapDeltaBytes                        = 524288                                    {product} {ergonomic}
   size_t NewSize                                  = 34603008                                  {product} {ergonomic}
    uintx NonNMethodCodeHeapSize                   = 5836300                                {pd product} {ergonomic}
    uintx NonProfiledCodeHeapSize                  = 122910970                              {pd product} {ergonomic}
   size_t OldSize                                  = 70254592                                  {product} {ergonomic}
    uintx ProfiledCodeHeapSize                     = 122910970                              {pd product} {ergonomic}
    uintx ReservedCodeCacheSize                    = 251658240                              {pd product} {ergonomic}
     bool SegmentedCodeCache                       = true                                      {product} {ergonomic}
     bool UseCompressedClassPointers               = true                                 {lp64_product} {ergonomic}
     bool UseCompressedOops                        = true                                 {lp64_product} {ergonomic}
     bool UseLargePagesIndividualAllocation        = false                                  {pd product} {ergonomic}
     bool UseParallelGC                            = true                                      {product} {command line}

Logging:
Log output configuration:
 #0: stdout all=warning uptime,level,tags
 #1: stderr all=off uptime,level,tags

Environment Variables:
JAVA_HOME=C:\Program Files\Java\jdk-11.0.8
PATH=C:\Program Files\Common Files\Oracle\Java\javapath;C:\Program Files (x86)\Common Files\Oracle\Java\javapath;C:\Windows\system32;C:\Windows;C:\Windows\System32\Wbem;C:\Windows\System32\WindowsPowerShell\v1.0\;C:\Windows\System32\OpenSSH\;C:\Program Files (x86)\NVIDIA Corporation\PhysX\Common;C:\Program Files\NVIDIA Corporation\NVIDIA NvDLISR;C:\Program Files\Java\jdk-11.0.8\bin;C:\Program Files\Git\cmd;C:\Program Files\nodejs\;C:\Program Files\Microsoft SQL Server\130\Tools\Binn\;C:\Program Files\Microsoft SQL Server\Client SDK\ODBC\170\Tools\Binn\;C:\Program Files\Microsoft SQL Server\Client SDK\ODBC\110\Tools\Binn\;C:\Program Files (x86)\Microsoft SQL Server\120\Tools\Binn\ManagementStudio\;C:\Program Files (x86)\Microsoft SQL Server\120\Tools\Binn\;C:\Program Files\Microsoft SQL Server\120\Tools\Binn\;C:\Program Files (x86)\Microsoft SQL Server\120\DTS\Binn\;C:\Program Files\Microsoft SQL Server\120\DTS\Binn\;C:\WINDOWS\system32\config\systemprofile\.dnx\bin;C:\Program Files\Microsoft DNX\Dnvm\;C:\Program Files\dotnet\;C:\Program Files\OpenSSL\bin;;C:\WINDOWS\system32;C:\WINDOWS;C:\WINDOWS\System32\Wbem;C:\WINDOWS\System32\WindowsPowerShell\v1.0\;C:\WINDOWS\System32\OpenSSH\;C:\Users\ws941\AppData\Local\Microsoft\WindowsApps;C:\Users\ws941\AppData\Roaming\npm;C:\Users\ws941\AppData\Local\Programs\Microsoft VS Code\bin;C:\Users\ws941\.dotnet\tools;
USERNAME=ws941
OS=Windows_NT
PROCESSOR_IDENTIFIER=Intel64 Family 6 Model 158 Stepping 10, GenuineIntel



---------------  S Y S T E M  ---------------

OS: Windows 10 , 64 bit Build 19041 (10.0.19041.1023)

CPU:total 12 (initial active 12) (6 cores per cpu, 2 threads per core) family 6 model 158 stepping 10, cmov, cx8, fxsr, mmx, sse, sse2, sse3, ssse3, sse4.1, sse4.2, popcnt, avx, avx2, aes, clmul, erms, 3dnowpref, lzcnt, ht, tsc, tscinvbit, bmi1, bmi2, adx, fma

Memory: 4k page, system-wide physical 16235M (5973M free)
TotalPageFile size 24939M (AvailPageFile size 6751M)
current process WorkingSet (physical memory assigned to process): 546M, peak: 707M
current process commit charge ("private bytes"): 615M, peak: 760M

vm_info: Java HotSpot(TM) 64-Bit Server VM (11.0.8+10-LTS) for windows-amd64 JRE (11.0.8+10-LTS), built on Jun 16 2020 05:53:08 by "mach5one" with unknown MS VC++:1916

END.
